mysql_query("insert into events values(1,'Jan',1,'New Years Day',$var,NULL)");
mysql_query("insert into events values(13,'Jan',1,'Makar Sankranti',$var,NULL)");
mysql_query("insert into events values(14,'Jan',1,'Pongal',$var,NULL)");
mysql_query("insert into events values(18,'Jan',1,'Guru Govind Singh Jayanti',$var,NULL)");
mysql_query("insert into events values(25,'Jan',1,'Milad un-Nabi/Id-e-Milad',$var,NULL)");
mysql_query("insert into events values(26,'Jan',1,'Republic Day',$var,NULL)");
mysql_query("insert into events values(15,'Feb',1,'Vasant Panchami',$var,NULL)");
mysql_query("insert into events values(19,'Feb',1,'Shivaji Jayanti',$var,NULL)");
mysql_query("insert into events values(23,'Feb',1,'Maharishi Dayanand Saraswati Jayanti',$var,NULL)");
mysql_query("insert into events values(10,'Mar',1,'Maha Shivaratri/Shivaratri',$var,NULL)");
mysql_query("insert into events values(25,'Mar',1,'Guru Ravidas Jayanti',$var,NULL)");
mysql_query("insert into events values(26,'Mar',1,'Dolyatra',$var,NULL)");
mysql_query("insert into events values(27,'Mar',1,'Holi',$var,NULL)");
mysql_query("insert into events values(29,'Mar',1,'Good Friday',$var,NULL)");
mysql_query("insert into events values(31,'Mar',1,'Easter Day',$var,NULL)");
mysql_query("insert into events values(11,'Apr',1,'Chaitra Sukhladi',$var,NULL)");
mysql_query("insert into events values(13,'Apr',1,'Vaisakhi',$var,NULL)");
mysql_query("insert into events values(14,'Apr',1,'Ambedkar Jayanti',$var,NULL)");
mysql_query("insert into events values(14,'Apr',1,'Mesadi/Vaisakhadi',$var,NULL)");
mysql_query("insert into events values(19,'Apr',1,'Rama Navami',$var,NULL)");
mysql_query("insert into events values(24,'Apr',1,'Mahavir Jayanti',$var,NULL)");
mysql_query("insert into events values(8,'May',1,'Birthday of Ravindranath',$var,NULL)");
mysql_query("insert into events values(24,'May',1,'Hazarat Alis Birthday',$var,NULL)");
mysql_query("insert into events values(25,'May',1,'Buddha Purnima/Vesak',$var,NULL)");
mysql_query("insert into events values(10,'Jul',1,'Rath Yatra',$var,NULL)");
mysql_query("insert into events values(2,'Aug',1,'Jamat Ul-Vida',$var,NULL)");
mysql_query("insert into events values(9,'Aug',1,'Ramzan Id/Eid-ul-Fitar',$var,NULL)");
mysql_query("insert into events values(15,'Aug',1,'Independence Day',$var,NULL)");
mysql_query("insert into events values(18,'Aug',1,'Parsi New Year',$var,NULL)");
mysql_query("insert into events values(20,'Aug',1,'Raksha Bandhan',$var,NULL)");
mysql_query("insert into events values(28,'Aug',1,'Janmashtami',$var,NULL)");
mysql_query("insert into events values(9,'Sep',1,'Ganesh Chaturthi',$var,NULL)");
mysql_query("insert into events values(16,'Sep',1,'Onam',$var,NULL)");
mysql_query("insert into events values(2,'Oct',1,'Mahatma Gandhi Jayanti',$var,NULL)");
mysql_query("insert into events values(11,'Oct',1,'Maha Saptami',$var,NULL)");
mysql_query("insert into events values(12,'Oct',1,'Maha Navami',$var,NULL)");
mysql_query("insert into events values(12,'Oct',1,'Maha Ashtami',$var,NULL)");
mysql_query("insert into events values(13,'Oct',1,'Dussehra',$var,NULL)");
mysql_query("insert into events values(16,'Oct',1,'Bakri Id/Eid ul-Adha',$var,NULL)");
mysql_query("insert into events values(18,'Oct',1,'Maharishi Valmiki Jayanti',$var,NULL)");
mysql_query("insert into events values(22,'Oct',1,'Karaka Chaturthi',$var,NULL)");
mysql_query("insert into events values(2,'Nov',1,'Naraka Chaturdasi',$var,NULL)");
mysql_query("insert into events values(3,'Nov',1,'Diwali/Deepavali',$var,NULL)");
mysql_query("insert into events values(4,'Nov',1,'Govardhan Puja',$var,NULL)");
mysql_query("insert into events values(5,'Nov',1,'Bhai Duj',$var,NULL)");
mysql_query("insert into events values(8,'Nov',1,'Chhat Puja (Pratihar Sashthi/Surya Sashthi)',$var,NULL)");
mysql_query("insert into events values(14,'Nov',1,'Muharram/Ashura',$var,NULL)");
mysql_query("insert into events values(17,'Nov',1,'Guru Nanak Jayanti',$var,NULL)");
mysql_query("insert into events values(24,'Nov',1,'Guru Tegh Bahadurs Martyrdom Day',$var,NULL)");
mysql_query("insert into events values(24,'Dec',1,'Christmas Eve',$var,NULL)");
mysql_query("insert into events values(25,'Dec',1,'Christmas',$var,NULL)");
